<?xml version="1.0" encoding="UTF-8"?>
<!-- Generated by org.testng.reporters.JUnitReportReporter -->
<testsuite hostname="Sree" failures="0" tests="1" name="com.AutomationExercise.Tests.TC03_LoginWithIncorrectCredentials" time="4.403" errors="0" timestamp="2025-10-05T19:47:15 IST" skipped="0">
  <testcase classname="com.AutomationExercise.Tests.TC03_LoginWithIncorrectCredentials" name="shouldDisplayErrorForInvalidLoginCredentials" time="4.403"/>
</testsuite> <!-- com.AutomationExercise.Tests.TC03_LoginWithIncorrectCredentials -->
