<?xml version="1.0" encoding="UTF-8"?>
<!-- Generated by org.testng.reporters.JUnitReportReporter -->
<testsuite hostname="Sree" failures="0" tests="1" name="com.AutomationExercise.Tests.TC01_RegisterUser" time="13.143" errors="0" timestamp="2025-10-05T18:58:01 IST" skipped="0">
  <testcase classname="com.AutomationExercise.Tests.TC01_RegisterUser" name="registerUserTest" time="13.143"/>
</testsuite> <!-- com.AutomationExercise.Tests.TC01_RegisterUser -->
