<?xml version="1.0" encoding="UTF-8"?>
<!-- Generated by org.testng.reporters.JUnitReportReporter -->
<testsuite hostname="Sree" failures="0" tests="1" name="com.AutomationExercise.Tests.TC01_RegisterUser" time="11.887" errors="0" timestamp="2025-10-04T21:24:03 IST" skipped="0">
  <testcase classname="com.AutomationExercise.Tests.TC01_RegisterUser" name="registerUserTest" time="11.887"/>
</testsuite> <!-- com.AutomationExercise.Tests.TC01_RegisterUser -->
