<?xml version="1.0" encoding="UTF-8"?>
<!-- Generated by org.testng.reporters.JUnitReportReporter -->
<testsuite hostname="Sree" failures="0" tests="1" name="com.AutomationExercise.Tests.TC02_LoginUser" time="8.565" errors="0" timestamp="2025-10-04T21:24:03 IST" skipped="0">
  <testcase classname="com.AutomationExercise.Tests.TC02_LoginUser" name="loginUserTest" time="8.565"/>
</testsuite> <!-- com.AutomationExercise.Tests.TC02_LoginUser -->
